c:\users\chris\onedrive\desktop\bmi\x64\release\vc143.pdb
c:\users\chris\onedrive\desktop\bmi\x64\release\.netframework,version=v4.8.assemblyattributes.obj
c:\users\chris\onedrive\desktop\bmi\x64\release\myform.obj
c:\users\chris\onedrive\desktop\bmi\x64\release\bmi.exe
c:\users\chris\onedrive\desktop\bmi\x64\release\bmi.pdb
c:\users\chris\onedrive\desktop\bmi\x64\release\bmi.res
c:\users\chris\onedrive\desktop\bmi\x64\release\bmi.exe.metagen
c:\users\chris\onedrive\desktop\bmi\x64\release\bmi.tlog\cl.command.1.tlog
c:\users\chris\onedrive\desktop\bmi\x64\release\bmi.tlog\cl.items.tlog
c:\users\chris\onedrive\desktop\bmi\x64\release\bmi.tlog\cl.read.1.tlog
c:\users\chris\onedrive\desktop\bmi\x64\release\bmi.tlog\cl.write.1.tlog
c:\users\chris\onedrive\desktop\bmi\x64\release\bmi.tlog\link.command.1.tlog
c:\users\chris\onedrive\desktop\bmi\x64\release\bmi.tlog\link.read.1.tlog
c:\users\chris\onedrive\desktop\bmi\x64\release\bmi.tlog\link.write.1.tlog
c:\users\chris\onedrive\desktop\bmi\x64\release\bmi.tlog\metagen.read.1.tlog
c:\users\chris\onedrive\desktop\bmi\x64\release\bmi.tlog\metagen.write.1.tlog
c:\users\chris\onedrive\desktop\bmi\x64\release\bmi.tlog\rc.command.1.tlog
c:\users\chris\onedrive\desktop\bmi\x64\release\bmi.tlog\rc.read.1.tlog
c:\users\chris\onedrive\desktop\bmi\x64\release\bmi.tlog\rc.write.1.tlog
c:\users\chris\onedrive\desktop\bmi\x64\release\bmi.tlog\resgen.command.1.tlog
c:\users\chris\onedrive\desktop\bmi\x64\release\bmi.tlog\resgen.read.1.tlog
c:\users\chris\onedrive\desktop\bmi\x64\release\bmi.tlog\resgen.write.1.tlog
